<?xml version="1.0" encoding="utf-8"?><testsuites name="pytest tests"><testsuite name="pytest" errors="0" failures="0" skipped="0" tests="33" time="24.512" timestamp="2026-09-05T15:43:28.150697+00:00" hostname="agent-env-225ce963-0510-4b29-8294-3dd98661486f"><testcase classname="tests.test_digilib_api" name="test_health" time="0.433" /><testcase classname="tests.test_digilib_api" name="test_login_wrong_password" time="0.698" /><testcase classname="tests.test_digilib_api" name="test_me_without_cookie" time="0.266" /><testcase classname="tests.test_digilib_api" name="test_register_and_me" time="1.042" /><testcase classname="tests.test_digilib_api" name="test_admin_login_and_role" time="0.885" /><testcase classname="tests.test_digilib_api" name="test_logout_clears_cookies" time="1.421" /><testcase classname="tests.test_digilib_api" name="test_list_books_15" time="0.281" /><testcase classname="tests.test_digilib_api" name="test_books_filters" time="0.736" /><testcase classname="tests.test_digilib_api" name="test_get_book_by_id_and_404" time="0.647" /><testcase classname="tests.test_digilib_api" name="test_book_crud_admin_only" time="1.051" /><testcase classname="tests.test_digilib_api" name="test_loan_borrow_return_flow" time="0.797" /><testcase classname="tests.test_digilib_api" name="test_duplicate_active_borrow" time="0.400" /><testcase classname="tests.test_digilib_api" name="test_reservation_fifo_flow" time="0.416" /><testcase classname="tests.test_digilib_api" name="test_admin_members_and_self_delete_protection" time="0.219" /><testcase classname="tests.test_digilib_api" name="test_admin_member_update" time="0.226" /><testcase classname="tests.test_digilib_api" name="test_admin_loans_and_stats" time="0.341" /><testcase classname="tests.test_digilib_api" name="test_pdf_url_on_python_book" time="0.331" /><testcase classname="tests.test_digilib_api" name="test_forgot_password_unknown_email_no_dev_link" time="0.300" /><testcase classname="tests.test_digilib_api" name="test_password_reset_full_flow" time="3.535" /><testcase classname="tests.test_digilib_api" name="test_reset_password_invalid_token" time="0.207" /><testcase classname="tests.test_digilib_api" name="test_bookmark_requires_auth" time="0.759" /><testcase classname="tests.test_digilib_api" name="test_bookmark_get_before_set_returns_default" time="1.083" /><testcase classname="tests.test_digilib_api" name="test_bookmark_put_then_get_persists" time="0.473" /><testcase classname="tests.test_digilib_api" name="test_bookmark_invalid_page" time="0.333" /><testcase classname="tests.test_digilib_api" name="test_bookmark_invalid_book_id" time="0.137" /><testcase classname="tests.test_digilib_api" name="test_bookmark_isolated_between_users" time="0.862" /><testcase classname="tests.test_digilib_api" name="test_cloudinary_signature_missing_config" time="0.068" /><testcase classname="tests.test_digilib_api" name="test_cloudinary_signature_forbidden_for_member" time="0.073" /><testcase classname="tests.test_digilib_api" name="test_related_anonymous_default_limit" time="0.477" /><testcase classname="tests.test_digilib_api" name="test_related_limit_param_caps_results" time="0.478" /><testcase classname="tests.test_digilib_api" name="test_related_invalid_id_returns_404" time="0.495" /><testcase classname="tests.test_digilib_api" name="test_related_excludes_actively_loaned" time="0.770" /><testcase classname="tests.test_digilib_api" name="test_related_reason_history_for_authenticated_user" time="0.751" /></testsuite></testsuites>