<?xml version="1.0" encoding="utf-8"?><testsuites name="pytest tests"><testsuite name="pytest" errors="0" failures="0" skipped="0" tests="22" time="10.230" timestamp="2026-09-05T14:57:09.329642+00:00" hostname="agent-env-225ce963-0510-4b29-8294-3dd98661486f"><testcase classname="tests.test_digilib_api" name="test_health" time="0.361" /><testcase classname="tests.test_digilib_api" name="test_login_wrong_password" time="0.468" /><testcase classname="tests.test_digilib_api" name="test_me_without_cookie" time="0.195" /><testcase classname="tests.test_digilib_api" name="test_register_and_me" time="0.600" /><testcase classname="tests.test_digilib_api" name="test_admin_login_and_role" time="0.457" /><testcase classname="tests.test_digilib_api" name="test_logout_clears_cookies" time="0.649" /><testcase classname="tests.test_digilib_api" name="test_list_books_15" time="0.148" /><testcase classname="tests.test_digilib_api" name="test_books_filters" time="0.414" /><testcase classname="tests.test_digilib_api" name="test_get_book_by_id_and_404" time="0.377" /><testcase classname="tests.test_digilib_api" name="test_book_crud_admin_only" time="0.759" /><testcase classname="tests.test_digilib_api" name="test_loan_borrow_return_flow" time="0.621" /><testcase classname="tests.test_digilib_api" name="test_duplicate_active_borrow" time="0.354" /><testcase classname="tests.test_digilib_api" name="test_reservation_fifo_flow" time="0.339" /><testcase classname="tests.test_digilib_api" name="test_admin_members_and_self_delete_protection" time="0.171" /><testcase classname="tests.test_digilib_api" name="test_admin_member_update" time="0.193" /><testcase classname="tests.test_digilib_api" name="test_admin_loans_and_stats" time="0.190" /><testcase classname="tests.test_digilib_api" name="test_pdf_url_on_python_book" time="0.205" /><testcase classname="tests.test_digilib_api" name="test_forgot_password_unknown_email_no_dev_link" time="0.172" /><testcase classname="tests.test_digilib_api" name="test_password_reset_full_flow" time="2.056" /><testcase classname="tests.test_digilib_api" name="test_reset_password_invalid_token" time="0.138" /><testcase classname="tests.test_digilib_api" name="test_cloudinary_signature_missing_config" time="0.056" /><testcase classname="tests.test_digilib_api" name="test_cloudinary_signature_forbidden_for_member" time="0.073" /></testsuite></testsuites>